C:\USERS\DAVID\DEV\NUMERCIALMETHODS1\NUMERCIALMETHODS1\DEBUG\MAIN.OBJ
C:\USERS\DAVID\DEV\NUMERCIALMETHODS1\NUMERCIALMETHODS1\DEBUG\VC110.PDB
C:\USERS\DAVID\DEV\NUMERCIALMETHODS1\DEBUG\NUMERCIALMETHODS1.ILK
C:\USERS\DAVID\DEV\NUMERCIALMETHODS1\DEBUG\NUMERCIALMETHODS1.EXE
C:\USERS\DAVID\DEV\NUMERCIALMETHODS1\DEBUG\NUMERCIALMETHODS1.PDB
C:\Users\David\dev\NumercialMethods1\NumercialMethods1\Debug\Main.obj
C:\Users\David\dev\NumercialMethods1\NumercialMethods1\Debug\cl.command.1.tlog
C:\Users\David\dev\NumercialMethods1\NumercialMethods1\Debug\CL.read.1.tlog
C:\Users\David\dev\NumercialMethods1\NumercialMethods1\Debug\CL.write.1.tlog
C:\Users\David\dev\NumercialMethods1\NumercialMethods1\Debug\link-cvtres.read.1.tlog
C:\Users\David\dev\NumercialMethods1\NumercialMethods1\Debug\link-cvtres.write.1.tlog
C:\Users\David\dev\NumercialMethods1\NumercialMethods1\Debug\link-rc.read.1.tlog
C:\Users\David\dev\NumercialMethods1\NumercialMethods1\Debug\link-rc.write.1.tlog
C:\Users\David\dev\NumercialMethods1\NumercialMethods1\Debug\link.command.1.tlog
C:\Users\David\dev\NumercialMethods1\NumercialMethods1\Debug\link.read.1.tlog
C:\Users\David\dev\NumercialMethods1\NumercialMethods1\Debug\link.write.1.tlog
C:\Users\David\dev\NumercialMethods1\NumercialMethods1\Debug\vc110.idb
C:\Users\David\dev\NumercialMethods1\NumercialMethods1\Debug\vc110.pdb
C:\Users\David\dev\NumercialMethods1\Debug\NumercialMethods1.pdb
C:\Users\David\dev\NumercialMethods1\Debug\NumercialMethods1.exe
C:\Users\David\dev\NumercialMethods1\Debug\NumercialMethods1.ilk
